<?xml version="1.0" encoding="UTF-8"?>
<testng-results ignored="0" total="1" passed="1" failed="0" skipped="0">
  <reporter-output>
  </reporter-output>
  <suite started-at="2025-02-13T02:45:06 EST" name="TestSuite" finished-at="2025-02-13T02:45:35 EST" duration-ms="29422">
    <groups>
    </groups>
    <test started-at="2025-02-13T02:45:06 EST" name="Test" finished-at="2025-02-13T02:45:35 EST" duration-ms="29422">
      <class name="dufresne.automation.Tests.MakeOrder">
        <test-method is-config="true" signature="navigateToSite()[pri:0, instance:dufresne.automation.Tests.MakeOrder@1a6d8329]" started-at="2025-02-13T02:45:06 EST" name="navigateToSite" finished-at="2025-02-13T02:45:16 EST" duration-ms="9546" status="PASS">
          <reporter-output>
          </reporter-output>
        </test-method> <!-- navigateToSite -->
        <test-method signature="makeOrder(java.util.HashMap)[pri:0, instance:dufresne.automation.Tests.MakeOrder@1a6d8329]" started-at="2025-02-13T02:45:16 EST" name="makeOrder" data-provider="getData" finished-at="2025-02-13T02:45:34 EST" duration-ms="18684" status="PASS">
          <params>
            <param index="0">
              <value>
                <![CDATA[{firstname=Isuru, address=123, Glen Ivy, city=Manitoba, phone=2262379268, email=isurujayakodu123@gmail.com, lastname=Jayakody}]]>
              </value>
            </param>
          </params>
          <reporter-output>
          </reporter-output>
        </test-method> <!-- makeOrder -->
        <test-method is-config="true" signature="tearDown()[pri:0, instance:dufresne.automation.Tests.MakeOrder@1a6d8329]" started-at="2025-02-13T02:45:34 EST" name="tearDown" finished-at="2025-02-13T02:45:35 EST" duration-ms="800" status="PASS">
          <reporter-output>
          </reporter-output>
        </test-method> <!-- tearDown -->
      </class> <!-- dufresne.automation.Tests.MakeOrder -->
    </test> <!-- Test -->
  </suite> <!-- TestSuite -->
</testng-results>
